mode: set
v-helper/internal/service/article.go:24.53,26.2 1 0
v-helper/internal/service/article.go:28.69,30.2 1 0
v-helper/internal/service/article.go:32.68,34.51 2 0
v-helper/internal/service/article.go:34.51,36.3 1 0
v-helper/internal/service/article.go:37.2,37.22 1 0
v-helper/internal/service/article.go:40.73,42.55 2 0
v-helper/internal/service/article.go:42.55,44.3 1 0
v-helper/internal/service/article.go:45.2,45.21 1 0
v-helper/internal/service/article.go:48.84,50.80 2 0
v-helper/internal/service/article.go:50.80,52.3 1 0
v-helper/internal/service/article.go:53.2,53.22 1 0
v-helper/internal/service/article.go:57.90,59.86 2 0
v-helper/internal/service/article.go:59.86,61.3 1 0
v-helper/internal/service/article.go:62.2,62.22 1 0
v-helper/internal/service/article.go:66.71,68.79 2 0
v-helper/internal/service/article.go:68.79,70.3 1 0
v-helper/internal/service/article.go:71.2,71.22 1 0
v-helper/internal/service/article.go:74.82,76.2 1 0
v-helper/internal/service/article.go:78.59,80.2 1 0
v-helper/internal/service/article_mock.go:26.75,30.2 3 1
v-helper/internal/service/article_mock.go:33.73,35.2 1 1
v-helper/internal/service/article_mock.go:38.74,43.2 4 1
v-helper/internal/service/article_mock.go:46.92,49.2 2 1
v-helper/internal/service/article_mock.go:52.64,57.2 4 0
v-helper/internal/service/article_mock.go:60.91,63.2 2 0
v-helper/internal/service/article_mock.go:66.73,72.2 5 1
v-helper/internal/service/article_mock.go:75.74,78.2 2 1
v-helper/internal/service/article_mock.go:81.78,87.2 5 1
v-helper/internal/service/article_mock.go:90.88,93.2 2 1
v-helper/internal/service/article_mock.go:96.89,102.2 5 0
v-helper/internal/service/article_mock.go:105.97,108.2 2 0
v-helper/internal/service/article_mock.go:111.95,117.2 5 0
v-helper/internal/service/article_mock.go:120.103,123.2 2 0
v-helper/internal/service/article_mock.go:126.76,132.2 5 0
v-helper/internal/service/article_mock.go:135.77,138.2 2 0
v-helper/internal/service/article_mock.go:141.87,146.2 4 0
v-helper/internal/service/article_mock.go:149.100,152.2 2 0
v-helper/internal/service/clinic.go:26.51,28.2 1 0
v-helper/internal/service/clinic.go:30.76,32.2 1 0
v-helper/internal/service/clinic.go:34.76,36.50 2 0
v-helper/internal/service/clinic.go:36.50,38.3 1 0
v-helper/internal/service/clinic.go:39.2,39.21 1 0
v-helper/internal/service/clinic.go:42.98,44.86 2 0
v-helper/internal/service/clinic.go:44.86,46.3 1 0
v-helper/internal/service/clinic.go:47.2,47.21 1 0
v-helper/internal/service/clinic.go:56.95,59.93 2 0
v-helper/internal/service/clinic.go:59.93,61.3 1 0
v-helper/internal/service/clinic.go:62.2,66.41 3 0
v-helper/internal/service/clinic.go:66.41,70.111 3 0
v-helper/internal/service/clinic.go:70.111,72.4 1 0
v-helper/internal/service/clinic.go:73.3,76.38 4 0
v-helper/internal/service/clinic.go:79.2,79.21 1 0
v-helper/internal/service/clinic.go:82.89,84.87 2 0
v-helper/internal/service/clinic.go:84.87,86.3 1 0
v-helper/internal/service/clinic.go:87.2,87.20 1 0
v-helper/internal/service/clinic.go:90.81,92.54 2 0
v-helper/internal/service/clinic.go:92.54,94.3 1 0
v-helper/internal/service/clinic.go:95.2,95.20 1 0
v-helper/internal/service/clinic.go:98.89,100.2 1 0
v-helper/internal/service/clinic.go:102.57,104.2 1 0
v-helper/internal/service/clinic_mock.go:26.73,30.2 3 1
v-helper/internal/service/clinic_mock.go:33.71,35.2 1 1
v-helper/internal/service/clinic_mock.go:38.81,43.2 4 1
v-helper/internal/service/clinic_mock.go:46.89,49.2 2 1
v-helper/internal/service/clinic_mock.go:52.62,57.2 4 0
v-helper/internal/service/clinic_mock.go:60.89,63.2 2 0
v-helper/internal/service/clinic_mock.go:66.81,72.2 5 0
v-helper/internal/service/clinic_mock.go:75.72,78.2 2 1
v-helper/internal/service/clinic_mock.go:81.86,87.2 5 0
v-helper/internal/service/clinic_mock.go:90.86,93.2 2 0
v-helper/internal/service/clinic_mock.go:96.94,102.2 5 0
v-helper/internal/service/clinic_mock.go:105.103,108.2 2 0
v-helper/internal/service/clinic_mock.go:111.103,117.2 5 0
v-helper/internal/service/clinic_mock.go:120.101,123.2 2 0
v-helper/internal/service/clinic_mock.go:126.100,132.2 5 0
v-helper/internal/service/clinic_mock.go:135.105,138.2 2 0
v-helper/internal/service/clinic_mock.go:141.94,146.2 4 0
v-helper/internal/service/clinic_mock.go:149.97,152.2 2 0
v-helper/internal/service/message.go:21.53,23.2 1 0
v-helper/internal/service/message.go:25.69,27.2 1 0
v-helper/internal/service/message.go:29.68,31.51 2 0
v-helper/internal/service/message.go:31.51,33.3 1 0
v-helper/internal/service/message.go:34.2,34.22 1 0
v-helper/internal/service/message.go:37.73,39.55 2 0
v-helper/internal/service/message.go:39.55,41.3 1 0
v-helper/internal/service/message.go:42.2,42.21 1 0
v-helper/internal/service/message.go:45.73,47.2 1 0
v-helper/internal/service/message.go:49.59,51.2 1 0
v-helper/internal/service/message_mock.go:26.75,30.2 3 1
v-helper/internal/service/message_mock.go:33.73,35.2 1 1
v-helper/internal/service/message_mock.go:38.74,43.2 4 1
v-helper/internal/service/message_mock.go:46.92,49.2 2 1
v-helper/internal/service/message_mock.go:52.64,57.2 4 0
v-helper/internal/service/message_mock.go:60.91,63.2 2 0
v-helper/internal/service/message_mock.go:66.73,72.2 5 1
v-helper/internal/service/message_mock.go:75.74,78.2 2 1
v-helper/internal/service/message_mock.go:81.78,87.2 5 0
v-helper/internal/service/message_mock.go:90.88,93.2 2 0
v-helper/internal/service/message_mock.go:96.78,101.2 4 0
v-helper/internal/service/message_mock.go:104.96,107.2 2 0
v-helper/internal/service/profile.go:22.53,24.2 1 0
v-helper/internal/service/profile.go:26.69,28.2 1 0
v-helper/internal/service/profile.go:30.68,32.51 2 0
v-helper/internal/service/profile.go:32.51,34.3 1 0
v-helper/internal/service/profile.go:35.2,35.22 1 0
v-helper/internal/service/profile.go:38.73,40.55 2 0
v-helper/internal/service/profile.go:40.55,42.3 1 0
v-helper/internal/service/profile.go:43.2,43.21 1 0
v-helper/internal/service/profile.go:46.82,48.2 1 0
v-helper/internal/service/profile.go:50.59,52.2 1 0
v-helper/internal/service/profile.go:55.84,57.80 2 0
v-helper/internal/service/profile.go:57.80,59.3 1 0
v-helper/internal/service/profile.go:60.2,60.22 1 0
v-helper/internal/service/profile_mock.go:26.75,30.2 3 1
v-helper/internal/service/profile_mock.go:33.73,35.2 1 1
v-helper/internal/service/profile_mock.go:38.74,43.2 4 1
v-helper/internal/service/profile_mock.go:46.92,49.2 2 1
v-helper/internal/service/profile_mock.go:52.64,57.2 4 0
v-helper/internal/service/profile_mock.go:60.91,63.2 2 0
v-helper/internal/service/profile_mock.go:66.73,72.2 5 1
v-helper/internal/service/profile_mock.go:75.74,78.2 2 1
v-helper/internal/service/profile_mock.go:81.78,87.2 5 0
v-helper/internal/service/profile_mock.go:90.88,93.2 2 0
v-helper/internal/service/profile_mock.go:96.89,102.2 5 0
v-helper/internal/service/profile_mock.go:105.97,108.2 2 0
v-helper/internal/service/profile_mock.go:111.87,116.2 4 0
v-helper/internal/service/profile_mock.go:119.100,122.2 2 0
v-helper/internal/service/reply.go:22.49,24.2 1 0
v-helper/internal/service/reply.go:26.61,28.2 1 0
v-helper/internal/service/reply.go:30.62,32.49 2 0
v-helper/internal/service/reply.go:32.49,34.3 1 0
v-helper/internal/service/reply.go:35.2,35.20 1 0
v-helper/internal/service/reply.go:38.84,40.84 2 0
v-helper/internal/service/reply.go:40.84,42.3 1 0
v-helper/internal/service/reply.go:43.2,43.20 1 0
v-helper/internal/service/reply.go:46.67,48.53 2 0
v-helper/internal/service/reply.go:48.53,50.3 1 0
v-helper/internal/service/reply.go:51.2,51.19 1 0
v-helper/internal/service/reply.go:54.74,56.2 1 0
v-helper/internal/service/reply.go:58.55,60.2 1 0
v-helper/internal/service/reply_mock.go:26.71,30.2 3 1
v-helper/internal/service/reply_mock.go:33.69,35.2 1 1
v-helper/internal/service/reply_mock.go:38.66,43.2 4 1
v-helper/internal/service/reply_mock.go:46.86,49.2 2 1
v-helper/internal/service/reply_mock.go:52.60,57.2 4 0
v-helper/internal/service/reply_mock.go:60.87,63.2 2 0
v-helper/internal/service/reply_mock.go:66.67,72.2 5 1
v-helper/internal/service/reply_mock.go:75.70,78.2 2 1
v-helper/internal/service/reply_mock.go:81.72,87.2 5 0
v-helper/internal/service/reply_mock.go:90.84,93.2 2 0
v-helper/internal/service/reply_mock.go:96.89,102.2 5 0
v-helper/internal/service/reply_mock.go:105.99,108.2 2 0
v-helper/internal/service/reply_mock.go:111.79,116.2 4 0
v-helper/internal/service/reply_mock.go:119.94,122.2 2 0
v-helper/internal/service/temperture_record.go:23.71,25.2 1 0
v-helper/internal/service/temperture_record.go:27.95,29.2 1 0
v-helper/internal/service/temperture_record.go:31.111,34.80 2 0
v-helper/internal/service/temperture_record.go:34.80,36.3 1 0
v-helper/internal/service/temperture_record.go:39.2,40.35 2 0
v-helper/internal/service/temperture_record.go:40.35,42.91 2 0
v-helper/internal/service/temperture_record.go:42.91,44.4 1 0
v-helper/internal/service/temperture_record.go:45.3,45.44 1 0
v-helper/internal/service/temperture_record.go:48.2,48.21 1 0
v-helper/internal/service/temperture_record.go:51.117,53.85 2 0
v-helper/internal/service/temperture_record.go:53.85,55.3 1 0
v-helper/internal/service/temperture_record.go:56.2,56.21 1 0
v-helper/internal/service/temperture_record.go:59.95,61.50 2 0
v-helper/internal/service/temperture_record.go:61.50,63.3 1 0
v-helper/internal/service/temperture_record.go:64.2,64.21 1 0
v-helper/internal/service/temperture_record.go:67.100,69.54 2 0
v-helper/internal/service/temperture_record.go:69.54,71.3 1 0
v-helper/internal/service/temperture_record.go:72.2,72.20 1 0
v-helper/internal/service/temperture_record.go:75.108,77.2 1 0
v-helper/internal/service/temperture_record.go:79.77,81.2 1 0
v-helper/internal/service/temperture_record_mock.go:26.93,30.2 3 1
v-helper/internal/service/temperture_record_mock.go:33.91,35.2 1 1
v-helper/internal/service/temperture_record_mock.go:38.100,43.2 4 1
v-helper/internal/service/temperture_record_mock.go:46.109,49.2 2 1
v-helper/internal/service/temperture_record_mock.go:52.82,57.2 4 0
v-helper/internal/service/temperture_record_mock.go:60.109,63.2 2 0
v-helper/internal/service/temperture_record_mock.go:66.100,72.2 5 1
v-helper/internal/service/temperture_record_mock.go:75.92,78.2 2 1
v-helper/internal/service/temperture_record_mock.go:81.105,87.2 5 0
v-helper/internal/service/temperture_record_mock.go:90.106,93.2 2 0
v-helper/internal/service/temperture_record_mock.go:96.122,102.2 5 0
v-helper/internal/service/temperture_record_mock.go:105.121,108.2 2 0
v-helper/internal/service/temperture_record_mock.go:111.116,117.2 5 0
v-helper/internal/service/temperture_record_mock.go:120.115,123.2 2 0
v-helper/internal/service/temperture_record_mock.go:126.113,131.2 4 0
v-helper/internal/service/temperture_record_mock.go:134.117,137.2 2 0
v-helper/internal/service/user.go:30.47,32.2 1 0
v-helper/internal/service/user.go:34.57,36.2 1 0
v-helper/internal/service/user.go:38.59,40.48 2 0
v-helper/internal/service/user.go:40.48,42.3 1 0
v-helper/internal/service/user.go:43.2,43.19 1 0
v-helper/internal/service/user.go:46.64,48.52 2 0
v-helper/internal/service/user.go:48.52,50.3 1 0
v-helper/internal/service/user.go:51.2,51.18 1 0
v-helper/internal/service/user.go:54.74,56.110 2 0
v-helper/internal/service/user.go:56.110,58.3 1 0
v-helper/internal/service/user.go:59.2,59.18 1 0
v-helper/internal/service/user.go:62.78,64.56 2 0
v-helper/internal/service/user.go:64.56,66.3 1 0
v-helper/internal/service/user.go:67.2,68.62 2 0
v-helper/internal/service/user.go:68.62,70.3 1 0
v-helper/internal/service/user.go:71.2,71.76 1 0
v-helper/internal/service/user.go:74.81,76.56 2 0
v-helper/internal/service/user.go:76.56,78.3 1 0
v-helper/internal/service/user.go:79.2,80.62 2 0
v-helper/internal/service/user.go:80.62,82.3 1 0
v-helper/internal/service/user.go:83.2,83.76 1 0
v-helper/internal/service/user.go:86.78,88.56 2 0
v-helper/internal/service/user.go:88.56,90.3 1 0
v-helper/internal/service/user.go:91.2,92.62 2 0
v-helper/internal/service/user.go:92.62,94.3 1 0
v-helper/internal/service/user.go:95.2,95.76 1 0
v-helper/internal/service/user.go:98.81,100.56 2 0
v-helper/internal/service/user.go:100.56,102.3 1 0
v-helper/internal/service/user.go:103.2,104.62 2 0
v-helper/internal/service/user.go:104.62,106.3 1 0
v-helper/internal/service/user.go:107.2,107.76 1 0
v-helper/internal/service/user.go:110.61,112.2 1 0
v-helper/internal/service/user.go:114.53,116.2 1 0
v-helper/internal/service/user.go:119.70,121.82 2 0
v-helper/internal/service/user.go:121.82,123.3 1 0
v-helper/internal/service/user.go:124.2,124.18 1 0
v-helper/internal/service/user.go:128.74,131.77 2 0
v-helper/internal/service/user.go:131.77,133.36 1 0
v-helper/internal/service/user.go:133.36,135.51 2 0
v-helper/internal/service/user.go:135.51,137.5 1 0
v-helper/internal/service/user.go:138.4,138.20 1 0
v-helper/internal/service/user.go:141.2,141.18 1 0
v-helper/internal/service/user.go:146.55,148.16 2 0
v-helper/internal/service/user.go:148.16,150.3 1 0
v-helper/internal/service/user.go:151.2,152.33 2 0
v-helper/internal/service/user.go:156.69,158.74 2 0
v-helper/internal/service/user.go:158.74,160.3 1 0
v-helper/internal/service/user.go:163.2,163.95 1 0
v-helper/internal/service/user.go:163.95,166.3 1 0
v-helper/internal/service/user.go:169.2,170.16 2 0
v-helper/internal/service/user.go:170.16,172.3 1 0
v-helper/internal/service/user.go:174.2,174.19 1 0
v-helper/internal/service/user_mock.go:26.69,30.2 3 1
v-helper/internal/service/user_mock.go:33.67,35.2 1 1
v-helper/internal/service/user_mock.go:38.78,43.2 4 0
v-helper/internal/service/user_mock.go:46.105,49.2 2 0
v-helper/internal/service/user_mock.go:52.78,57.2 4 0
v-helper/internal/service/user_mock.go:60.105,63.2 2 0
v-helper/internal/service/user_mock.go:66.62,71.2 4 1
v-helper/internal/service/user_mock.go:74.83,77.2 2 1
v-helper/internal/service/user_mock.go:80.58,85.2 4 0
v-helper/internal/service/user_mock.go:88.85,91.2 2 0
v-helper/internal/service/user_mock.go:94.64,100.2 5 1
v-helper/internal/service/user_mock.go:103.68,106.2 2 1
v-helper/internal/service/user_mock.go:109.75,115.2 5 0
v-helper/internal/service/user_mock.go:118.88,121.2 2 0
v-helper/internal/service/user_mock.go:124.69,130.2 5 0
v-helper/internal/service/user_mock.go:133.82,136.2 2 0
v-helper/internal/service/user_mock.go:139.79,145.2 5 0
v-helper/internal/service/user_mock.go:148.90,151.2 2 0
v-helper/internal/service/user_mock.go:154.79,160.2 5 0
v-helper/internal/service/user_mock.go:163.92,166.2 2 0
v-helper/internal/service/user_mock.go:169.81,174.2 4 0
v-helper/internal/service/user_mock.go:177.108,180.2 2 0
v-helper/internal/service/user_mock.go:183.81,188.2 4 0
v-helper/internal/service/user_mock.go:191.108,194.2 2 0
v-helper/internal/service/user_mock.go:197.66,202.2 4 0
v-helper/internal/service/user_mock.go:205.87,208.2 2 0
v-helper/internal/service/vaccination_record.go:26.73,28.2 1 0
v-helper/internal/service/vaccination_record.go:30.98,32.2 1 0
v-helper/internal/service/vaccination_record.go:34.114,37.80 2 0
v-helper/internal/service/vaccination_record.go:37.80,39.3 1 0
v-helper/internal/service/vaccination_record.go:42.2,43.35 2 0
v-helper/internal/service/vaccination_record.go:43.35,45.91 2 0
v-helper/internal/service/vaccination_record.go:45.91,47.4 1 0
v-helper/internal/service/vaccination_record.go:48.3,48.44 1 0
v-helper/internal/service/vaccination_record.go:50.2,52.21 2 0
v-helper/internal/service/vaccination_record.go:55.120,57.104 2 0
v-helper/internal/service/vaccination_record.go:57.104,59.3 1 0
v-helper/internal/service/vaccination_record.go:60.2,60.21 1 0
v-helper/internal/service/vaccination_record.go:63.98,65.69 2 0
v-helper/internal/service/vaccination_record.go:65.69,67.3 1 0
v-helper/internal/service/vaccination_record.go:68.2,68.21 1 0
v-helper/internal/service/vaccination_record.go:72.127,74.108 2 0
v-helper/internal/service/vaccination_record.go:74.108,76.3 1 0
v-helper/internal/service/vaccination_record.go:77.2,77.21 1 0
v-helper/internal/service/vaccination_record.go:81.152,83.138 2 0
v-helper/internal/service/vaccination_record.go:83.138,85.3 1 0
v-helper/internal/service/vaccination_record.go:86.2,86.21 1 0
v-helper/internal/service/vaccination_record.go:89.103,91.73 2 0
v-helper/internal/service/vaccination_record.go:91.73,93.3 1 0
v-helper/internal/service/vaccination_record.go:94.2,94.20 1 0
v-helper/internal/service/vaccination_record.go:97.111,99.2 1 0
v-helper/internal/service/vaccination_record.go:101.79,103.2 1 0
v-helper/internal/service/vaccination_record_mock.go:26.95,30.2 3 1
v-helper/internal/service/vaccination_record_mock.go:33.93,35.2 1 1
v-helper/internal/service/vaccination_record_mock.go:38.103,43.2 4 1
v-helper/internal/service/vaccination_record_mock.go:46.111,49.2 2 1
v-helper/internal/service/vaccination_record_mock.go:52.84,57.2 4 0
v-helper/internal/service/vaccination_record_mock.go:60.111,63.2 2 0
v-helper/internal/service/vaccination_record_mock.go:66.103,72.2 5 1
v-helper/internal/service/vaccination_record_mock.go:75.94,78.2 2 1
v-helper/internal/service/vaccination_record_mock.go:81.132,87.2 5 0
v-helper/internal/service/vaccination_record_mock.go:90.130,93.2 2 0
v-helper/internal/service/vaccination_record_mock.go:96.108,102.2 5 0
v-helper/internal/service/vaccination_record_mock.go:105.108,108.2 2 0
v-helper/internal/service/vaccination_record_mock.go:111.125,117.2 5 0
v-helper/internal/service/vaccination_record_mock.go:120.123,123.2 2 0
v-helper/internal/service/vaccination_record_mock.go:126.157,132.2 5 0
v-helper/internal/service/vaccination_record_mock.go:135.150,138.2 2 0
v-helper/internal/service/vaccination_record_mock.go:141.119,147.2 5 0
v-helper/internal/service/vaccination_record_mock.go:150.117,153.2 2 0
v-helper/internal/service/vaccination_record_mock.go:156.116,161.2 4 0
v-helper/internal/service/vaccination_record_mock.go:164.119,167.2 2 0
v-helper/internal/service/vaccine.go:21.53,23.2 1 0
v-helper/internal/service/vaccine.go:25.69,27.2 1 0
v-helper/internal/service/vaccine.go:29.68,31.51 2 0
v-helper/internal/service/vaccine.go:31.51,33.3 1 0
v-helper/internal/service/vaccine.go:34.2,34.22 1 0
v-helper/internal/service/vaccine.go:37.73,39.55 2 0
v-helper/internal/service/vaccine.go:39.55,41.3 1 0
v-helper/internal/service/vaccine.go:42.2,42.21 1 0
v-helper/internal/service/vaccine.go:45.82,47.2 1 0
v-helper/internal/service/vaccine.go:49.59,51.2 1 0
v-helper/internal/service/vaccine_mock.go:26.75,30.2 3 1
v-helper/internal/service/vaccine_mock.go:33.73,35.2 1 1
v-helper/internal/service/vaccine_mock.go:38.74,43.2 4 1
v-helper/internal/service/vaccine_mock.go:46.92,49.2 2 1
v-helper/internal/service/vaccine_mock.go:52.64,57.2 4 0
v-helper/internal/service/vaccine_mock.go:60.91,63.2 2 0
v-helper/internal/service/vaccine_mock.go:66.73,72.2 5 1
v-helper/internal/service/vaccine_mock.go:75.74,78.2 2 1
v-helper/internal/service/vaccine_mock.go:81.78,87.2 5 0
v-helper/internal/service/vaccine_mock.go:90.88,93.2 2 0
v-helper/internal/service/vaccine_mock.go:96.87,101.2 4 0
v-helper/internal/service/vaccine_mock.go:104.100,107.2 2 0
